<?xml version="1.0" encoding="UTF-8"?>
<!-- Generated by org.testng.reporters.JUnitXMLReporter -->
<testsuite hostname="DESKTOP-TS7PD6V" name="EtsyTest" tests="10" failures="0" timestamp="1 Sep 2020 18:25:31 GMT" time="163.014" errors="0">
  <testcase name="checkBathAndBeautySubMenu" time="3.102" classname="etsy.TestCases.HomePageTest"/>
  <testcase name="takeFullPageScreenshot" time="8.885" classname="etsy.TestCases.HomePageTest"/>
  <testcase name="verifyLinksTest" time="2.441" classname="etsy.TestCases.HomePageTest"/>
  <testcase name="registerOnEtsyTest" time="3.125" classname="etsy.TestCases.RegisterPageTest"/>
  <testcase name="homePageTitleTest" time="0.037" classname="etsy.TestCases.HomePageTest"/>
  <testcase name="displayCheck" time="3.787" classname="etsy.TestCases.SignInPageTest"/>
  <testcase name="etsyImageLogoTest" time="0.082" classname="etsy.TestCases.HomePageTest"/>
  <testcase name="signInEtsyTest" time="5.688" classname="etsy.TestCases.SignInPageTest"/>
  <testcase name="signInBtnClick" time="0.227" classname="etsy.TestCases.HomePageTest"/>
  <testcase name="clickOnRegisterToOpenPage" time="1.16" classname="etsy.TestCases.SignInPageTest"/>
</testsuite> <!-- EtsyTest -->
