<?xml version="1.0" encoding="UTF-8"?>
<testng-results skipped="0" failed="0" total="1" passed="1">
  <reporter-output>
  </reporter-output>
  <suite name="Default suite" duration-ms="37638" started-at="2020-09-01T10:43:28Z" finished-at="2020-09-01T10:44:06Z">
    <groups>
    </groups>
    <test name="Default test" duration-ms="37638" started-at="2020-09-01T10:43:28Z" finished-at="2020-09-01T10:44:06Z">
      <class name="etsy.TestCases.SignInPageTest">
        <test-method status="PASS" signature="setUp()[pri:0, instance:etsy.TestCases.SignInPageTest@6500df86]" name="setUp" is-config="true" duration-ms="29466" started-at="2020-09-01T16:13:28Z" finished-at="2020-09-01T16:13:57Z">
          <reporter-output>
          </reporter-output>
        </test-method> <!-- setUp -->
        <test-method status="PASS" signature="displayCheck()[pri:0, instance:etsy.TestCases.SignInPageTest@6500df86]" name="displayCheck" duration-ms="7271" started-at="2020-09-01T16:13:57Z" finished-at="2020-09-01T16:14:05Z">
          <reporter-output>
          </reporter-output>
        </test-method> <!-- displayCheck -->
        <test-method status="PASS" signature="tearDown()[pri:0, instance:etsy.TestCases.SignInPageTest@6500df86]" name="tearDown" is-config="true" duration-ms="882" started-at="2020-09-01T16:14:05Z" finished-at="2020-09-01T16:14:06Z">
          <reporter-output>
          </reporter-output>
        </test-method> <!-- tearDown -->
      </class> <!-- etsy.TestCases.SignInPageTest -->
    </test> <!-- Default test -->
  </suite> <!-- Default suite -->
</testng-results>
