<?xml version="1.0" encoding="UTF-8"?>
<!-- Generated by org.testng.reporters.JUnitXMLReporter -->
<testsuite hostname="DESKTOP-TS7PD6V" name="EtsyTest" tests="7" failures="0" timestamp="5 Jul 2020 10:43:08 GMT" time="151.397" errors="0">
  <testcase name="registerOnEtsyTest" time="4.432" classname="etsy.TestCases.RegisterPageTest"/>
  <testcase name="displayCheck" time="3.487" classname="etsy.TestCases.SignInPageTest"/>
  <testcase name="homePageTitleTest" time="0.019" classname="etsy.TestCases.HomePageTest"/>
  <testcase name="signInEtsyTest" time="2.999" classname="etsy.TestCases.SignInPageTest"/>
  <testcase name="etsyImageLogoTest" time="0.079" classname="etsy.TestCases.HomePageTest"/>
  <testcase name="clickOnRegisterToOpenPage" time="2.095" classname="etsy.TestCases.SignInPageTest"/>
  <testcase name="signInBtnClick" time="0.628" classname="etsy.TestCases.HomePageTest"/>
</testsuite> <!-- EtsyTest -->
